Determining if the pthread_create exist failed with the following output:
Change Dir: /data/hieu_workspace/SealNet2/build/CMakeFiles/CMakeTmp

Run Build Command:/usr/bin/gmake "cmTryCompileExec652772554/fast"
/usr/bin/gmake -f CMakeFiles/cmTryCompileExec652772554.dir/build.make CMakeFiles/cmTryCompileExec652772554.dir/build
gmake[1]: Entering directory `/data/hieu_workspace/SealNet2/build/CMakeFiles/CMakeTmp'
/usr/bin/cmake -E cmake_progress_report /data/hieu_workspace/SealNet2/build/CMakeFiles/CMakeTmp/CMakeFiles 1
Building C object CMakeFiles/cmTryCompileExec652772554.dir/CheckSymbolExists.c.o
/usr/bin/gcc    -o CMakeFiles/cmTryCompileExec652772554.dir/CheckSymbolExists.c.o   -c /data/hieu_workspace/SealNet2/build/CMakeFiles/CMakeTmp/CheckSymbolExists.c
Linking C executable cmTryCompileExec652772554
/usr/bin/cmake -E cmake_link_script CMakeFiles/cmTryCompileExec652772554.dir/link.txt --verbose=1
/usr/bin/gcc       CMakeFiles/cmTryCompileExec652772554.dir/CheckSymbolExists.c.o  -o cmTryCompileExec652772554 -rdynamic 
CMakeFiles/cmTryCompileExec652772554.dir/CheckSymbolExists.c.o: In function `main':
CheckSymbolExists.c:(.text+0x16): undefined reference to `pthread_create'
collect2: error: ld returned 1 exit status
gmake[1]: *** [cmTryCompileExec652772554] Error 1
gmake[1]: Leaving directory `/data/hieu_workspace/SealNet2/build/CMakeFiles/CMakeTmp'
gmake: *** [cmTryCompileExec652772554/fast] Error 2

File /data/hieu_workspace/SealNet2/build/CMakeFiles/CMakeTmp/CheckSymbolExists.c:
/* */
#include <pthread.h>

int main(int argc, char** argv)
{
  (void)argv;
#ifndef pthread_create
  return ((int*)(&pthread_create))[argc];
#else
  (void)argc;
  return 0;
#endif
}

Determining if the function pthread_create exists in the pthreads failed with the following output:
Change Dir: /data/hieu_workspace/SealNet2/build/CMakeFiles/CMakeTmp

Run Build Command:/usr/bin/gmake "cmTryCompileExec3667356677/fast"
/usr/bin/gmake -f CMakeFiles/cmTryCompileExec3667356677.dir/build.make CMakeFiles/cmTryCompileExec3667356677.dir/build
gmake[1]: Entering directory `/data/hieu_workspace/SealNet2/build/CMakeFiles/CMakeTmp'
/usr/bin/cmake -E cmake_progress_report /data/hieu_workspace/SealNet2/build/CMakeFiles/CMakeTmp/CMakeFiles 1
Building C object CMakeFiles/cmTryCompileExec3667356677.dir/CheckFunctionExists.c.o
/usr/bin/gcc   -DCHECK_FUNCTION_EXISTS=pthread_create   -o CMakeFiles/cmTryCompileExec3667356677.dir/CheckFunctionExists.c.o   -c /usr/share/cmake/Modules/CheckFunctionExists.c
Linking C executable cmTryCompileExec3667356677
/usr/bin/cmake -E cmake_link_script CMakeFiles/cmTryCompileExec3667356677.dir/link.txt --verbose=1
/usr/bin/gcc   -DCHECK_FUNCTION_EXISTS=pthread_create    CMakeFiles/cmTryCompileExec3667356677.dir/CheckFunctionExists.c.o  -o cmTryCompileExec3667356677 -rdynamic -lpthreads 
/usr/bin/ld: cannot find -lpthreads
collect2: error: ld returned 1 exit status
gmake[1]: *** [cmTryCompileExec3667356677] Error 1
gmake[1]: Leaving directory `/data/hieu_workspace/SealNet2/build/CMakeFiles/CMakeTmp'
gmake: *** [cmTryCompileExec3667356677/fast] Error 2


Determining if the function cblas_ddot exists failed with the following output:
Change Dir: /data/hieu_workspace/SealNet2/build/CMakeFiles/CMakeTmp

Run Build Command:/usr/bin/gmake "cmTryCompileExec2946240489/fast"
/usr/bin/gmake -f CMakeFiles/cmTryCompileExec2946240489.dir/build.make CMakeFiles/cmTryCompileExec2946240489.dir/build
gmake[1]: Entering directory `/data/hieu_workspace/SealNet2/build/CMakeFiles/CMakeTmp'
/usr/bin/cmake -E cmake_progress_report /data/hieu_workspace/SealNet2/build/CMakeFiles/CMakeTmp/CMakeFiles 1
Building C object CMakeFiles/cmTryCompileExec2946240489.dir/CheckFunctionExists.c.o
/usr/bin/gcc   -DCHECK_FUNCTION_EXISTS=cblas_ddot   -o CMakeFiles/cmTryCompileExec2946240489.dir/CheckFunctionExists.c.o   -c /usr/share/cmake/Modules/CheckFunctionExists.c
Linking C executable cmTryCompileExec2946240489
/usr/bin/cmake -E cmake_link_script CMakeFiles/cmTryCompileExec2946240489.dir/link.txt --verbose=1
/usr/bin/gcc   -DCHECK_FUNCTION_EXISTS=cblas_ddot    CMakeFiles/cmTryCompileExec2946240489.dir/CheckFunctionExists.c.o  -o cmTryCompileExec2946240489 -rdynamic 
CMakeFiles/cmTryCompileExec2946240489.dir/CheckFunctionExists.c.o: In function `main':
CheckFunctionExists.c:(.text+0x15): undefined reference to `cblas_ddot'
collect2: error: ld returned 1 exit status
gmake[1]: Leaving directory `/data/hieu_workspace/SealNet2/build/CMakeFiles/CMakeTmp'
gmake[1]: *** [cmTryCompileExec2946240489] Error 1
gmake: *** [cmTryCompileExec2946240489/fast] Error 2


